[2024-10-01T00:19:35.816+0000] {local_task_job_runner.py:123} INFO - ::group::Pre task execution logs
[2024-10-01T00:19:35.851+0000] {taskinstance.py:2612} INFO - Dependencies all met for dep_context=non-requeueable deps ti=<TaskInstance: youtube_etl_dag.extract_youtube_data scheduled__2024-09-30T00:00:00+00:00 [queued]>
[2024-10-01T00:19:35.876+0000] {taskinstance.py:2612} INFO - Dependencies all met for dep_context=requeueable deps ti=<TaskInstance: youtube_etl_dag.extract_youtube_data scheduled__2024-09-30T00:00:00+00:00 [queued]>
[2024-10-01T00:19:35.877+0000] {taskinstance.py:2865} INFO - Starting attempt 1 of 2
[2024-10-01T00:19:35.969+0000] {taskinstance.py:2888} INFO - Executing <Task(PythonOperator): extract_youtube_data> on 2024-09-30 00:00:00+00:00
[2024-10-01T00:19:35.992+0000] {standard_task_runner.py:104} INFO - Running: ['airflow', 'tasks', 'run', 'youtube_etl_dag', 'extract_youtube_data', 'scheduled__2024-09-30T00:00:00+00:00', '--job-id', '38', '--raw', '--subdir', 'DAGS_FOLDER/youtube_etl_dag.py', '--cfg-path', '/tmp/tmp7l65cy62']
[2024-10-01T00:19:36.014+0000] {standard_task_runner.py:105} INFO - Job 38: Subtask extract_youtube_data
[2024-10-01T00:19:36.031+0000] {logging_mixin.py:190} WARNING - /home/airflow/.local/lib/python3.12/site-packages/airflow/task/task_runner/standard_task_runner.py:70 DeprecationWarning: This process (pid=548) is multi-threaded, use of fork() may lead to deadlocks in the child.
[2024-10-01T00:19:36.035+0000] {standard_task_runner.py:72} INFO - Started process 553 to run task
[2024-10-01T00:19:36.493+0000] {task_command.py:467} INFO - Running <TaskInstance: youtube_etl_dag.extract_youtube_data scheduled__2024-09-30T00:00:00+00:00 [running]> on host 48d27440b63b
[2024-10-01T00:19:36.863+0000] {taskinstance.py:3131} INFO - Exporting env vars: AIRFLOW_CTX_DAG_EMAIL='airflow@example.com' AIRFLOW_CTX_DAG_OWNER='Hanane' AIRFLOW_CTX_DAG_ID='youtube_etl_dag' AIRFLOW_CTX_TASK_ID='extract_youtube_data' AIRFLOW_CTX_EXECUTION_DATE='2024-09-30T00:00:00+00:00' AIRFLOW_CTX_TRY_NUMBER='1' AIRFLOW_CTX_DAG_RUN_ID='scheduled__2024-09-30T00:00:00+00:00'
[2024-10-01T00:19:36.865+0000] {taskinstance.py:731} INFO - ::endgroup::
[2024-10-01T00:19:36.911+0000] {logging_mixin.py:190} INFO - Starting YouTube data extraction...
[2024-10-01T00:19:36.930+0000] {__init__.py:49} INFO - file_cache is only supported with oauth2client<4.0.0
[2024-10-01T00:19:37.223+0000] {logging_mixin.py:190} INFO - Channel statistics extracted: 3 channels
[2024-10-01T00:19:53.746+0000] {logging_mixin.py:190} INFO - Extracted 2249 video IDs
[2024-10-01T00:20:09.752+0000] {logging_mixin.py:190} INFO - Extracted data for 2249 videos
[2024-10-01T00:20:09.969+0000] {logging_mixin.py:190} INFO - Data saved to /opt/airflow/data/Youtube_Data_Raw.csv
[2024-10-01T00:20:09.971+0000] {python.py:240} INFO - Done. Returned value was: Extraction Complete
[2024-10-01T00:20:10.086+0000] {taskinstance.py:340} INFO - ::group::Post task execution logs
[2024-10-01T00:20:10.088+0000] {taskinstance.py:352} INFO - Marking task as SUCCESS. dag_id=youtube_etl_dag, task_id=extract_youtube_data, run_id=scheduled__2024-09-30T00:00:00+00:00, execution_date=20240930T000000, start_date=20241001T001935, end_date=20241001T002010
[2024-10-01T00:20:10.219+0000] {local_task_job_runner.py:266} INFO - Task exited with return code 0
[2024-10-01T00:20:10.403+0000] {taskinstance.py:3900} INFO - 1 downstream tasks scheduled from follow-on schedule check
[2024-10-01T00:20:10.429+0000] {local_task_job_runner.py:245} INFO - ::endgroup::
[2024-10-01T00:26:04.597+0000] {local_task_job_runner.py:123} INFO - ::group::Pre task execution logs
[2024-10-01T00:26:04.653+0000] {taskinstance.py:2612} INFO - Dependencies all met for dep_context=non-requeueable deps ti=<TaskInstance: youtube_etl_dag.extract_youtube_data scheduled__2024-09-30T00:00:00+00:00 [queued]>
[2024-10-01T00:26:04.803+0000] {taskinstance.py:2612} INFO - Dependencies all met for dep_context=requeueable deps ti=<TaskInstance: youtube_etl_dag.extract_youtube_data scheduled__2024-09-30T00:00:00+00:00 [queued]>
[2024-10-01T00:26:04.811+0000] {taskinstance.py:2865} INFO - Starting attempt 1 of 2
[2024-10-01T00:26:05.052+0000] {taskinstance.py:2888} INFO - Executing <Task(PythonOperator): extract_youtube_data> on 2024-09-30 00:00:00+00:00
[2024-10-01T00:26:05.070+0000] {standard_task_runner.py:104} INFO - Running: ['airflow', 'tasks', 'run', 'youtube_etl_dag', 'extract_youtube_data', 'scheduled__2024-09-30T00:00:00+00:00', '--job-id', '38', '--raw', '--subdir', 'DAGS_FOLDER/youtube_etl_dag.py', '--cfg-path', '/tmp/tmpvlmln0ug']
[2024-10-01T00:26:05.074+0000] {standard_task_runner.py:105} INFO - Job 38: Subtask extract_youtube_data
[2024-10-01T00:26:05.090+0000] {logging_mixin.py:190} WARNING - /home/airflow/.local/lib/python3.12/site-packages/airflow/task/task_runner/standard_task_runner.py:70 DeprecationWarning: This process (pid=926) is multi-threaded, use of fork() may lead to deadlocks in the child.
[2024-10-01T00:26:05.091+0000] {standard_task_runner.py:72} INFO - Started process 931 to run task
[2024-10-01T00:26:05.425+0000] {task_command.py:467} INFO - Running <TaskInstance: youtube_etl_dag.extract_youtube_data scheduled__2024-09-30T00:00:00+00:00 [running]> on host 48d27440b63b
[2024-10-01T00:26:05.944+0000] {taskinstance.py:3131} INFO - Exporting env vars: AIRFLOW_CTX_DAG_EMAIL='airflow@example.com' AIRFLOW_CTX_DAG_OWNER='Hanane' AIRFLOW_CTX_DAG_ID='youtube_etl_dag' AIRFLOW_CTX_TASK_ID='extract_youtube_data' AIRFLOW_CTX_EXECUTION_DATE='2024-09-30T00:00:00+00:00' AIRFLOW_CTX_TRY_NUMBER='1' AIRFLOW_CTX_DAG_RUN_ID='scheduled__2024-09-30T00:00:00+00:00'
[2024-10-01T00:26:05.948+0000] {taskinstance.py:731} INFO - ::endgroup::
[2024-10-01T00:26:06.005+0000] {logging_mixin.py:190} INFO - Starting YouTube data extraction...
[2024-10-01T00:26:06.030+0000] {__init__.py:49} INFO - file_cache is only supported with oauth2client<4.0.0
[2024-10-01T00:26:06.509+0000] {logging_mixin.py:190} INFO - Channel statistics extracted: 3 channels
[2024-10-01T00:26:22.545+0000] {logging_mixin.py:190} INFO - Extracted 2249 video IDs
[2024-10-01T00:26:37.481+0000] {logging_mixin.py:190} INFO - Extracted data for 2249 videos
[2024-10-01T00:26:37.598+0000] {logging_mixin.py:190} INFO - Data saved to /opt/airflow/data/Youtube_Data_Raw.csv
[2024-10-01T00:26:37.601+0000] {python.py:240} INFO - Done. Returned value was: Extraction Complete
[2024-10-01T00:26:37.811+0000] {taskinstance.py:340} INFO - ::group::Post task execution logs
[2024-10-01T00:26:37.815+0000] {taskinstance.py:352} INFO - Marking task as SUCCESS. dag_id=youtube_etl_dag, task_id=extract_youtube_data, run_id=scheduled__2024-09-30T00:00:00+00:00, execution_date=20240930T000000, start_date=20241001T002604, end_date=20241001T002637
[2024-10-01T00:26:38.231+0000] {local_task_job_runner.py:266} INFO - Task exited with return code 0
[2024-10-01T00:26:39.093+0000] {taskinstance.py:3900} INFO - 1 downstream tasks scheduled from follow-on schedule check
[2024-10-01T00:26:39.126+0000] {local_task_job_runner.py:245} INFO - ::endgroup::
