[2024-10-01T00:21:38.477+0000] {local_task_job_runner.py:123} INFO - ::group::Pre task execution logs
[2024-10-01T00:21:38.528+0000] {taskinstance.py:2612} INFO - Dependencies all met for dep_context=non-requeueable deps ti=<TaskInstance: youtube_etl_dag.load_youtube_data scheduled__2024-09-30T00:00:00+00:00 [queued]>
[2024-10-01T00:21:38.585+0000] {taskinstance.py:2612} INFO - Dependencies all met for dep_context=requeueable deps ti=<TaskInstance: youtube_etl_dag.load_youtube_data scheduled__2024-09-30T00:00:00+00:00 [queued]>
[2024-10-01T00:21:38.586+0000] {taskinstance.py:2865} INFO - Starting attempt 1 of 2
[2024-10-01T00:21:38.677+0000] {taskinstance.py:2888} INFO - Executing <Task(PythonOperator): load_youtube_data> on 2024-09-30 00:00:00+00:00
[2024-10-01T00:21:38.712+0000] {standard_task_runner.py:104} INFO - Running: ['airflow', 'tasks', 'run', 'youtube_etl_dag', 'load_youtube_data', 'scheduled__2024-09-30T00:00:00+00:00', '--job-id', '40', '--raw', '--subdir', 'DAGS_FOLDER/youtube_etl_dag.py', '--cfg-path', '/tmp/tmpj9_c9whi']
[2024-10-01T00:21:38.730+0000] {standard_task_runner.py:105} INFO - Job 40: Subtask load_youtube_data
[2024-10-01T00:21:38.744+0000] {logging_mixin.py:190} WARNING - /home/airflow/.local/lib/python3.12/site-packages/airflow/task/task_runner/standard_task_runner.py:70 DeprecationWarning: This process (pid=731) is multi-threaded, use of fork() may lead to deadlocks in the child.
[2024-10-01T00:21:38.751+0000] {standard_task_runner.py:72} INFO - Started process 736 to run task
[2024-10-01T00:21:39.098+0000] {task_command.py:467} INFO - Running <TaskInstance: youtube_etl_dag.load_youtube_data scheduled__2024-09-30T00:00:00+00:00 [running]> on host 48d27440b63b
[2024-10-01T00:21:39.343+0000] {taskinstance.py:3131} INFO - Exporting env vars: AIRFLOW_CTX_DAG_EMAIL='airflow@example.com' AIRFLOW_CTX_DAG_OWNER='Hanane' AIRFLOW_CTX_DAG_ID='youtube_etl_dag' AIRFLOW_CTX_TASK_ID='load_youtube_data' AIRFLOW_CTX_EXECUTION_DATE='2024-09-30T00:00:00+00:00' AIRFLOW_CTX_TRY_NUMBER='1' AIRFLOW_CTX_DAG_RUN_ID='scheduled__2024-09-30T00:00:00+00:00'
[2024-10-01T00:21:39.345+0000] {taskinstance.py:731} INFO - ::endgroup::
[2024-10-01T00:21:39.377+0000] {logging_mixin.py:190} INFO - airflow here...
[2024-10-01T00:22:19.061+0000] {logging_mixin.py:190} INFO - File /opt/airflow/data/Youtube_Data_transformation.csv/part-00000-c488bbc6-b53e-4539-ab74-2b0056aedcf0-c000.csv successfully uploaded to S3 bucket.
[2024-10-01T00:22:19.084+0000] {python.py:240} INFO - Done. Returned value was: None
[2024-10-01T00:22:19.189+0000] {taskinstance.py:340} INFO - ::group::Post task execution logs
[2024-10-01T00:22:19.190+0000] {taskinstance.py:352} INFO - Marking task as SUCCESS. dag_id=youtube_etl_dag, task_id=load_youtube_data, run_id=scheduled__2024-09-30T00:00:00+00:00, execution_date=20240930T000000, start_date=20241001T002138, end_date=20241001T002219
[2024-10-01T00:22:19.297+0000] {local_task_job_runner.py:266} INFO - Task exited with return code 0
[2024-10-01T00:22:19.405+0000] {taskinstance.py:3900} INFO - 0 downstream tasks scheduled from follow-on schedule check
[2024-10-01T00:22:19.429+0000] {local_task_job_runner.py:245} INFO - ::endgroup::
[2024-10-01T00:29:23.407+0000] {local_task_job_runner.py:123} INFO - ::group::Pre task execution logs
[2024-10-01T00:29:23.456+0000] {taskinstance.py:2612} INFO - Dependencies all met for dep_context=non-requeueable deps ti=<TaskInstance: youtube_etl_dag.load_youtube_data scheduled__2024-09-30T00:00:00+00:00 [queued]>
[2024-10-01T00:29:23.476+0000] {taskinstance.py:2612} INFO - Dependencies all met for dep_context=requeueable deps ti=<TaskInstance: youtube_etl_dag.load_youtube_data scheduled__2024-09-30T00:00:00+00:00 [queued]>
[2024-10-01T00:29:23.476+0000] {taskinstance.py:2865} INFO - Starting attempt 1 of 2
[2024-10-01T00:29:23.527+0000] {taskinstance.py:2888} INFO - Executing <Task(PythonOperator): load_youtube_data> on 2024-09-30 00:00:00+00:00
[2024-10-01T00:29:23.540+0000] {standard_task_runner.py:104} INFO - Running: ['airflow', 'tasks', 'run', 'youtube_etl_dag', 'load_youtube_data', 'scheduled__2024-09-30T00:00:00+00:00', '--job-id', '40', '--raw', '--subdir', 'DAGS_FOLDER/youtube_etl_dag.py', '--cfg-path', '/tmp/tmpfm8amvoz']
[2024-10-01T00:29:23.543+0000] {standard_task_runner.py:105} INFO - Job 40: Subtask load_youtube_data
[2024-10-01T00:29:23.551+0000] {logging_mixin.py:190} WARNING - /home/airflow/.local/lib/python3.12/site-packages/airflow/task/task_runner/standard_task_runner.py:70 DeprecationWarning: This process (pid=1109) is multi-threaded, use of fork() may lead to deadlocks in the child.
[2024-10-01T00:29:23.553+0000] {standard_task_runner.py:72} INFO - Started process 1114 to run task
[2024-10-01T00:29:23.702+0000] {task_command.py:467} INFO - Running <TaskInstance: youtube_etl_dag.load_youtube_data scheduled__2024-09-30T00:00:00+00:00 [running]> on host 48d27440b63b
[2024-10-01T00:29:23.876+0000] {taskinstance.py:3131} INFO - Exporting env vars: AIRFLOW_CTX_DAG_EMAIL='airflow@example.com' AIRFLOW_CTX_DAG_OWNER='Hanane' AIRFLOW_CTX_DAG_ID='youtube_etl_dag' AIRFLOW_CTX_TASK_ID='load_youtube_data' AIRFLOW_CTX_EXECUTION_DATE='2024-09-30T00:00:00+00:00' AIRFLOW_CTX_TRY_NUMBER='1' AIRFLOW_CTX_DAG_RUN_ID='scheduled__2024-09-30T00:00:00+00:00'
[2024-10-01T00:29:23.878+0000] {taskinstance.py:731} INFO - ::endgroup::
[2024-10-01T00:29:23.920+0000] {logging_mixin.py:190} INFO - airflow here...
[2024-10-01T00:30:09.769+0000] {logging_mixin.py:190} INFO - File /opt/airflow/data/Youtube_Data_transformation.csv/part-00000-d90f4214-828d-4dee-82b8-7ead8358cab4-c000.csv successfully uploaded to S3 bucket.
[2024-10-01T00:30:09.772+0000] {python.py:240} INFO - Done. Returned value was: None
[2024-10-01T00:30:09.795+0000] {taskinstance.py:340} INFO - ::group::Post task execution logs
[2024-10-01T00:30:09.796+0000] {taskinstance.py:352} INFO - Marking task as SUCCESS. dag_id=youtube_etl_dag, task_id=load_youtube_data, run_id=scheduled__2024-09-30T00:00:00+00:00, execution_date=20240930T000000, start_date=20241001T002923, end_date=20241001T003009
[2024-10-01T00:30:09.870+0000] {local_task_job_runner.py:266} INFO - Task exited with return code 0
[2024-10-01T00:30:10.159+0000] {taskinstance.py:3900} INFO - 0 downstream tasks scheduled from follow-on schedule check
[2024-10-01T00:30:10.162+0000] {local_task_job_runner.py:245} INFO - ::endgroup::
