[2024-09-27T20:04:22.039+0000] {local_task_job_runner.py:123} INFO - ::group::Pre task execution logs
[2024-09-27T20:04:22.059+0000] {taskinstance.py:2612} INFO - Dependencies all met for dep_context=non-requeueable deps ti=<TaskInstance: youtube_etl_dag.extract_youtube_data manual__2024-09-27T20:04:11.353748+00:00 [queued]>
[2024-09-27T20:04:22.071+0000] {taskinstance.py:2612} INFO - Dependencies all met for dep_context=requeueable deps ti=<TaskInstance: youtube_etl_dag.extract_youtube_data manual__2024-09-27T20:04:11.353748+00:00 [queued]>
[2024-09-27T20:04:22.073+0000] {taskinstance.py:2865} INFO - Starting attempt 1 of 2
[2024-09-27T20:04:22.125+0000] {taskinstance.py:2888} INFO - Executing <Task(BashOperator): extract_youtube_data> on 2024-09-27 20:04:11.353748+00:00
[2024-09-27T20:04:22.140+0000] {standard_task_runner.py:104} INFO - Running: ['airflow', 'tasks', 'run', 'youtube_etl_dag', 'extract_youtube_data', 'manual__2024-09-27T20:04:11.353748+00:00', '--job-id', '29', '--raw', '--subdir', 'DAGS_FOLDER/YT-D.py', '--cfg-path', '/tmp/tmp30j2prq8']
[2024-09-27T20:04:22.145+0000] {standard_task_runner.py:105} INFO - Job 29: Subtask extract_youtube_data
[2024-09-27T20:04:22.149+0000] {logging_mixin.py:190} WARNING - /home/airflow/.local/lib/python3.12/site-packages/airflow/task/task_runner/standard_task_runner.py:70 DeprecationWarning: This process (pid=2347) is multi-threaded, use of fork() may lead to deadlocks in the child.
[2024-09-27T20:04:22.151+0000] {standard_task_runner.py:72} INFO - Started process 2352 to run task
[2024-09-27T20:04:22.286+0000] {task_command.py:467} INFO - Running <TaskInstance: youtube_etl_dag.extract_youtube_data manual__2024-09-27T20:04:11.353748+00:00 [running]> on host 990eeb57d2a5
[2024-09-27T20:04:24.772+0000] {taskinstance.py:3131} INFO - Exporting env vars: AIRFLOW_CTX_DAG_EMAIL='nadi.hanane01@gmail.com' AIRFLOW_CTX_DAG_OWNER='airflow' AIRFLOW_CTX_DAG_ID='youtube_etl_dag' AIRFLOW_CTX_TASK_ID='extract_youtube_data' AIRFLOW_CTX_EXECUTION_DATE='2024-09-27T20:04:11.353748+00:00' AIRFLOW_CTX_TRY_NUMBER='1' AIRFLOW_CTX_DAG_RUN_ID='manual__2024-09-27T20:04:11.353748+00:00'
[2024-09-27T20:04:24.774+0000] {taskinstance.py:731} INFO - ::endgroup::
[2024-09-27T20:04:25.288+0000] {subprocess.py:63} INFO - Tmp dir root location: /tmp
[2024-09-27T20:04:25.297+0000] {subprocess.py:75} INFO - Running command: ['/usr/bin/bash', '-c', 'python /opt/airflow/dags/extraction.py']
[2024-09-27T20:04:25.339+0000] {subprocess.py:86} INFO - Output:
[2024-09-27T20:04:29.157+0000] {subprocess.py:97} INFO - Command exited with return code 0
[2024-09-27T20:04:29.232+0000] {taskinstance.py:340} INFO - ::group::Post task execution logs
[2024-09-27T20:04:29.234+0000] {taskinstance.py:352} INFO - Marking task as SUCCESS. dag_id=youtube_etl_dag, task_id=extract_youtube_data, run_id=manual__2024-09-27T20:04:11.353748+00:00, execution_date=20240927T200411, start_date=20240927T200422, end_date=20240927T200429
[2024-09-27T20:04:29.356+0000] {local_task_job_runner.py:266} INFO - Task exited with return code 0
[2024-09-27T20:04:29.437+0000] {taskinstance.py:3900} INFO - 0 downstream tasks scheduled from follow-on schedule check
[2024-09-27T20:04:29.446+0000] {local_task_job_runner.py:245} INFO - ::endgroup::
