[2024-09-30T22:06:51.742+0000] {processor.py:186} INFO - Started process (PID=46) to work on /opt/airflow/dags/YT-D.py
[2024-09-30T22:06:51.745+0000] {processor.py:914} INFO - Processing file /opt/airflow/dags/YT-D.py for tasks to queue
[2024-09-30T22:06:51.759+0000] {logging_mixin.py:190} INFO - [2024-09-30T22:06:51.758+0000] {dagbag.py:588} INFO - Filling up the DagBag from /opt/airflow/dags/YT-D.py
[2024-09-30T22:06:56.054+0000] {processor.py:925} INFO - DAG(s) 'youtube_etl' retrieved from /opt/airflow/dags/YT-D.py
[2024-09-30T22:06:56.163+0000] {logging_mixin.py:190} INFO - [2024-09-30T22:06:56.162+0000] {dag.py:3239} INFO - Sync 1 DAGs
[2024-09-30T22:06:56.281+0000] {logging_mixin.py:190} INFO - [2024-09-30T22:06:56.280+0000] {dag.py:4180} INFO - Setting next_dagrun for youtube_etl to 2024-09-29 00:00:00+00:00, run_after=2024-09-30 00:00:00+00:00
[2024-09-30T22:06:56.407+0000] {processor.py:208} INFO - Processing /opt/airflow/dags/YT-D.py took 4.687 seconds
[2024-09-30T22:07:34.174+0000] {processor.py:186} INFO - Started process (PID=61) to work on /opt/airflow/dags/YT-D.py
[2024-09-30T22:07:34.177+0000] {processor.py:914} INFO - Processing file /opt/airflow/dags/YT-D.py for tasks to queue
[2024-09-30T22:07:34.192+0000] {logging_mixin.py:190} INFO - [2024-09-30T22:07:34.191+0000] {dagbag.py:588} INFO - Filling up the DagBag from /opt/airflow/dags/YT-D.py
[2024-09-30T22:07:37.528+0000] {processor.py:925} INFO - DAG(s) 'youtube_etl' retrieved from /opt/airflow/dags/YT-D.py
[2024-09-30T22:07:37.653+0000] {logging_mixin.py:190} INFO - [2024-09-30T22:07:37.652+0000] {dag.py:3239} INFO - Sync 1 DAGs
[2024-09-30T22:07:37.768+0000] {logging_mixin.py:190} INFO - [2024-09-30T22:07:37.767+0000] {dag.py:4180} INFO - Setting next_dagrun for youtube_etl to 2024-09-29 00:00:00+00:00, run_after=2024-09-30 00:00:00+00:00
[2024-09-30T22:07:37.906+0000] {processor.py:208} INFO - Processing /opt/airflow/dags/YT-D.py took 3.756 seconds
[2024-09-30T22:08:26.899+0000] {processor.py:186} INFO - Started process (PID=65) to work on /opt/airflow/dags/YT-D.py
[2024-09-30T22:08:26.900+0000] {processor.py:914} INFO - Processing file /opt/airflow/dags/YT-D.py for tasks to queue
[2024-09-30T22:08:26.903+0000] {logging_mixin.py:190} INFO - [2024-09-30T22:08:26.902+0000] {dagbag.py:588} INFO - Filling up the DagBag from /opt/airflow/dags/YT-D.py
[2024-09-30T22:08:27.883+0000] {processor.py:925} INFO - DAG(s) 'youtube_etl' retrieved from /opt/airflow/dags/YT-D.py
[2024-09-30T22:08:27.929+0000] {logging_mixin.py:190} INFO - [2024-09-30T22:08:27.928+0000] {dag.py:3239} INFO - Sync 1 DAGs
[2024-09-30T22:08:27.963+0000] {logging_mixin.py:190} INFO - [2024-09-30T22:08:27.962+0000] {dag.py:4180} INFO - Setting next_dagrun for youtube_etl to 2024-09-29 00:00:00+00:00, run_after=2024-09-30 00:00:00+00:00
[2024-09-30T22:08:28.035+0000] {processor.py:208} INFO - Processing /opt/airflow/dags/YT-D.py took 1.142 seconds
[2024-09-30T22:09:21.781+0000] {processor.py:186} INFO - Started process (PID=70) to work on /opt/airflow/dags/YT-D.py
[2024-09-30T22:09:21.782+0000] {processor.py:914} INFO - Processing file /opt/airflow/dags/YT-D.py for tasks to queue
[2024-09-30T22:09:21.786+0000] {logging_mixin.py:190} INFO - [2024-09-30T22:09:21.786+0000] {dagbag.py:588} INFO - Filling up the DagBag from /opt/airflow/dags/YT-D.py
[2024-09-30T22:09:22.651+0000] {processor.py:925} INFO - DAG(s) 'youtube_etl' retrieved from /opt/airflow/dags/YT-D.py
[2024-09-30T22:09:22.676+0000] {logging_mixin.py:190} INFO - [2024-09-30T22:09:22.676+0000] {dag.py:3239} INFO - Sync 1 DAGs
[2024-09-30T22:09:22.712+0000] {logging_mixin.py:190} INFO - [2024-09-30T22:09:22.712+0000] {dag.py:4180} INFO - Setting next_dagrun for youtube_etl to 2024-09-29 00:00:00+00:00, run_after=2024-09-30 00:00:00+00:00
[2024-09-30T22:09:22.793+0000] {processor.py:208} INFO - Processing /opt/airflow/dags/YT-D.py took 1.025 seconds
[2024-09-30T22:10:17.135+0000] {processor.py:186} INFO - Started process (PID=75) to work on /opt/airflow/dags/YT-D.py
[2024-09-30T22:10:17.138+0000] {processor.py:914} INFO - Processing file /opt/airflow/dags/YT-D.py for tasks to queue
[2024-09-30T22:10:17.151+0000] {logging_mixin.py:190} INFO - [2024-09-30T22:10:17.151+0000] {dagbag.py:588} INFO - Filling up the DagBag from /opt/airflow/dags/YT-D.py
[2024-09-30T22:10:18.964+0000] {processor.py:925} INFO - DAG(s) 'youtube_etl' retrieved from /opt/airflow/dags/YT-D.py
[2024-09-30T22:10:19.041+0000] {logging_mixin.py:190} INFO - [2024-09-30T22:10:19.040+0000] {dag.py:3239} INFO - Sync 1 DAGs
[2024-09-30T22:10:19.135+0000] {logging_mixin.py:190} INFO - [2024-09-30T22:10:19.134+0000] {dag.py:4180} INFO - Setting next_dagrun for youtube_etl to 2024-09-29 00:00:00+00:00, run_after=2024-09-30 00:00:00+00:00
[2024-09-30T22:10:19.281+0000] {processor.py:208} INFO - Processing /opt/airflow/dags/YT-D.py took 2.179 seconds
[2024-09-30T22:10:55.618+0000] {processor.py:186} INFO - Started process (PID=80) to work on /opt/airflow/dags/YT-D.py
[2024-09-30T22:10:55.628+0000] {processor.py:914} INFO - Processing file /opt/airflow/dags/YT-D.py for tasks to queue
[2024-09-30T22:10:55.632+0000] {logging_mixin.py:190} INFO - [2024-09-30T22:10:55.631+0000] {dagbag.py:588} INFO - Filling up the DagBag from /opt/airflow/dags/YT-D.py
[2024-09-30T22:10:58.379+0000] {processor.py:925} INFO - DAG(s) 'youtube_etl' retrieved from /opt/airflow/dags/YT-D.py
[2024-09-30T22:10:58.468+0000] {logging_mixin.py:190} INFO - [2024-09-30T22:10:58.467+0000] {dag.py:3239} INFO - Sync 1 DAGs
[2024-09-30T22:10:58.584+0000] {logging_mixin.py:190} INFO - [2024-09-30T22:10:58.584+0000] {dag.py:4180} INFO - Setting next_dagrun for youtube_etl to 2024-09-29 00:00:00+00:00, run_after=2024-09-30 00:00:00+00:00
[2024-09-30T22:10:58.933+0000] {processor.py:208} INFO - Processing /opt/airflow/dags/YT-D.py took 3.326 seconds
[2024-09-30T22:11:50.942+0000] {processor.py:186} INFO - Started process (PID=85) to work on /opt/airflow/dags/YT-D.py
[2024-09-30T22:11:50.944+0000] {processor.py:914} INFO - Processing file /opt/airflow/dags/YT-D.py for tasks to queue
[2024-09-30T22:11:50.950+0000] {logging_mixin.py:190} INFO - [2024-09-30T22:11:50.950+0000] {dagbag.py:588} INFO - Filling up the DagBag from /opt/airflow/dags/YT-D.py
[2024-09-30T22:11:52.041+0000] {processor.py:925} INFO - DAG(s) 'youtube_etl' retrieved from /opt/airflow/dags/YT-D.py
[2024-09-30T22:11:52.115+0000] {logging_mixin.py:190} INFO - [2024-09-30T22:11:52.114+0000] {dag.py:3239} INFO - Sync 1 DAGs
[2024-09-30T22:11:52.180+0000] {logging_mixin.py:190} INFO - [2024-09-30T22:11:52.180+0000] {dag.py:4180} INFO - Setting next_dagrun for youtube_etl to 2024-09-29 00:00:00+00:00, run_after=2024-09-30 00:00:00+00:00
[2024-09-30T22:11:52.333+0000] {processor.py:208} INFO - Processing /opt/airflow/dags/YT-D.py took 1.398 seconds
[2024-09-30T22:12:43.212+0000] {processor.py:186} INFO - Started process (PID=95) to work on /opt/airflow/dags/YT-D.py
[2024-09-30T22:12:43.213+0000] {processor.py:914} INFO - Processing file /opt/airflow/dags/YT-D.py for tasks to queue
[2024-09-30T22:12:43.217+0000] {logging_mixin.py:190} INFO - [2024-09-30T22:12:43.217+0000] {dagbag.py:588} INFO - Filling up the DagBag from /opt/airflow/dags/YT-D.py
[2024-09-30T22:12:44.288+0000] {processor.py:925} INFO - DAG(s) 'youtube_etl' retrieved from /opt/airflow/dags/YT-D.py
[2024-09-30T22:12:44.321+0000] {logging_mixin.py:190} INFO - [2024-09-30T22:12:44.320+0000] {dag.py:3239} INFO - Sync 1 DAGs
[2024-09-30T22:12:44.356+0000] {logging_mixin.py:190} INFO - [2024-09-30T22:12:44.355+0000] {dag.py:4180} INFO - Setting next_dagrun for youtube_etl to 2024-09-29 00:00:00+00:00, run_after=2024-09-30 00:00:00+00:00
[2024-09-30T22:12:44.439+0000] {processor.py:208} INFO - Processing /opt/airflow/dags/YT-D.py took 1.237 seconds
[2024-09-30T22:13:37.485+0000] {processor.py:186} INFO - Started process (PID=100) to work on /opt/airflow/dags/YT-D.py
[2024-09-30T22:13:37.496+0000] {processor.py:914} INFO - Processing file /opt/airflow/dags/YT-D.py for tasks to queue
[2024-09-30T22:13:37.510+0000] {logging_mixin.py:190} INFO - [2024-09-30T22:13:37.509+0000] {dagbag.py:588} INFO - Filling up the DagBag from /opt/airflow/dags/YT-D.py
[2024-09-30T22:13:39.155+0000] {processor.py:925} INFO - DAG(s) 'youtube_etl' retrieved from /opt/airflow/dags/YT-D.py
[2024-09-30T22:13:39.248+0000] {logging_mixin.py:190} INFO - [2024-09-30T22:13:39.248+0000] {dag.py:3239} INFO - Sync 1 DAGs
[2024-09-30T22:13:39.335+0000] {logging_mixin.py:190} INFO - [2024-09-30T22:13:39.335+0000] {dag.py:4180} INFO - Setting next_dagrun for youtube_etl to 2024-09-29 00:00:00+00:00, run_after=2024-09-30 00:00:00+00:00
[2024-09-30T22:13:39.421+0000] {processor.py:208} INFO - Processing /opt/airflow/dags/YT-D.py took 1.960 seconds
[2024-09-30T22:14:34.324+0000] {processor.py:186} INFO - Started process (PID=110) to work on /opt/airflow/dags/YT-D.py
[2024-09-30T22:14:34.326+0000] {processor.py:914} INFO - Processing file /opt/airflow/dags/YT-D.py for tasks to queue
[2024-09-30T22:14:34.332+0000] {logging_mixin.py:190} INFO - [2024-09-30T22:14:34.331+0000] {dagbag.py:588} INFO - Filling up the DagBag from /opt/airflow/dags/YT-D.py
[2024-09-30T22:14:35.102+0000] {processor.py:925} INFO - DAG(s) 'youtube_etl' retrieved from /opt/airflow/dags/YT-D.py
[2024-09-30T22:14:35.182+0000] {logging_mixin.py:190} INFO - [2024-09-30T22:14:35.181+0000] {dag.py:3239} INFO - Sync 1 DAGs
[2024-09-30T22:14:35.388+0000] {logging_mixin.py:190} INFO - [2024-09-30T22:14:35.387+0000] {dag.py:4180} INFO - Setting next_dagrun for youtube_etl to 2024-09-29 00:00:00+00:00, run_after=2024-09-30 00:00:00+00:00
[2024-09-30T22:14:35.645+0000] {processor.py:208} INFO - Processing /opt/airflow/dags/YT-D.py took 1.333 seconds
[2024-09-30T22:15:31.976+0000] {processor.py:186} INFO - Started process (PID=251) to work on /opt/airflow/dags/YT-D.py
[2024-09-30T22:15:31.984+0000] {processor.py:914} INFO - Processing file /opt/airflow/dags/YT-D.py for tasks to queue
[2024-09-30T22:15:31.995+0000] {logging_mixin.py:190} INFO - [2024-09-30T22:15:31.994+0000] {dagbag.py:588} INFO - Filling up the DagBag from /opt/airflow/dags/YT-D.py
[2024-09-30T22:15:34.524+0000] {processor.py:925} INFO - DAG(s) 'youtube_etl' retrieved from /opt/airflow/dags/YT-D.py
[2024-09-30T22:15:34.595+0000] {logging_mixin.py:190} INFO - [2024-09-30T22:15:34.594+0000] {dag.py:3239} INFO - Sync 1 DAGs
[2024-09-30T22:15:34.719+0000] {logging_mixin.py:190} INFO - [2024-09-30T22:15:34.718+0000] {dag.py:4180} INFO - Setting next_dagrun for youtube_etl to 2024-09-29 00:00:00+00:00, run_after=2024-09-30 00:00:00+00:00
[2024-09-30T22:15:34.938+0000] {processor.py:208} INFO - Processing /opt/airflow/dags/YT-D.py took 3.001 seconds
[2024-09-30T22:16:28.054+0000] {processor.py:186} INFO - Started process (PID=256) to work on /opt/airflow/dags/YT-D.py
[2024-09-30T22:16:28.061+0000] {processor.py:914} INFO - Processing file /opt/airflow/dags/YT-D.py for tasks to queue
[2024-09-30T22:16:28.070+0000] {logging_mixin.py:190} INFO - [2024-09-30T22:16:28.066+0000] {dagbag.py:588} INFO - Filling up the DagBag from /opt/airflow/dags/YT-D.py
[2024-09-30T22:16:29.629+0000] {processor.py:925} INFO - DAG(s) 'youtube_etl' retrieved from /opt/airflow/dags/YT-D.py
[2024-09-30T22:16:29.767+0000] {logging_mixin.py:190} INFO - [2024-09-30T22:16:29.766+0000] {dag.py:3239} INFO - Sync 1 DAGs
[2024-09-30T22:16:29.871+0000] {logging_mixin.py:190} INFO - [2024-09-30T22:16:29.870+0000] {dag.py:4180} INFO - Setting next_dagrun for youtube_etl to 2024-09-29 00:00:00+00:00, run_after=2024-09-30 00:00:00+00:00
[2024-09-30T22:16:30.136+0000] {processor.py:208} INFO - Processing /opt/airflow/dags/YT-D.py took 2.099 seconds
[2024-09-30T22:17:22.881+0000] {processor.py:186} INFO - Started process (PID=261) to work on /opt/airflow/dags/YT-D.py
[2024-09-30T22:17:22.883+0000] {processor.py:914} INFO - Processing file /opt/airflow/dags/YT-D.py for tasks to queue
[2024-09-30T22:17:22.893+0000] {logging_mixin.py:190} INFO - [2024-09-30T22:17:22.892+0000] {dagbag.py:588} INFO - Filling up the DagBag from /opt/airflow/dags/YT-D.py
[2024-09-30T22:17:24.087+0000] {processor.py:925} INFO - DAG(s) 'youtube_etl' retrieved from /opt/airflow/dags/YT-D.py
[2024-09-30T22:17:24.135+0000] {logging_mixin.py:190} INFO - [2024-09-30T22:17:24.132+0000] {dag.py:3239} INFO - Sync 1 DAGs
[2024-09-30T22:17:24.235+0000] {logging_mixin.py:190} INFO - [2024-09-30T22:17:24.234+0000] {dag.py:4180} INFO - Setting next_dagrun for youtube_etl to 2024-09-29 00:00:00+00:00, run_after=2024-09-30 00:00:00+00:00
[2024-09-30T22:17:24.353+0000] {processor.py:208} INFO - Processing /opt/airflow/dags/YT-D.py took 1.483 seconds
[2024-09-30T23:19:35.918+0000] {processor.py:186} INFO - Started process (PID=45) to work on /opt/airflow/dags/YT-D.py
[2024-09-30T23:19:35.922+0000] {processor.py:914} INFO - Processing file /opt/airflow/dags/YT-D.py for tasks to queue
[2024-09-30T23:19:35.936+0000] {logging_mixin.py:190} INFO - [2024-09-30T23:19:35.927+0000] {dagbag.py:588} INFO - Filling up the DagBag from /opt/airflow/dags/YT-D.py
[2024-09-30T23:19:39.262+0000] {processor.py:925} INFO - DAG(s) 'youtube_etl' retrieved from /opt/airflow/dags/YT-D.py
[2024-09-30T23:19:39.935+0000] {logging_mixin.py:190} INFO - [2024-09-30T23:19:39.934+0000] {dag.py:3239} INFO - Sync 1 DAGs
[2024-09-30T23:19:40.102+0000] {logging_mixin.py:190} INFO - [2024-09-30T23:19:40.101+0000] {dag.py:4180} INFO - Setting next_dagrun for youtube_etl to 2024-09-29 00:00:00+00:00, run_after=2024-09-30 00:00:00+00:00
[2024-09-30T23:19:40.387+0000] {processor.py:208} INFO - Processing /opt/airflow/dags/YT-D.py took 4.491 seconds
[2024-09-30T23:20:35.248+0000] {processor.py:186} INFO - Started process (PID=61) to work on /opt/airflow/dags/YT-D.py
[2024-09-30T23:20:35.255+0000] {processor.py:914} INFO - Processing file /opt/airflow/dags/YT-D.py for tasks to queue
[2024-09-30T23:20:35.266+0000] {logging_mixin.py:190} INFO - [2024-09-30T23:20:35.261+0000] {dagbag.py:588} INFO - Filling up the DagBag from /opt/airflow/dags/YT-D.py
[2024-09-30T23:20:37.195+0000] {processor.py:925} INFO - DAG(s) 'youtube_etl' retrieved from /opt/airflow/dags/YT-D.py
[2024-09-30T23:20:37.254+0000] {logging_mixin.py:190} INFO - [2024-09-30T23:20:37.253+0000] {dag.py:3239} INFO - Sync 1 DAGs
[2024-09-30T23:20:37.321+0000] {logging_mixin.py:190} INFO - [2024-09-30T23:20:37.320+0000] {dag.py:4180} INFO - Setting next_dagrun for youtube_etl to 2024-09-29 00:00:00+00:00, run_after=2024-09-30 00:00:00+00:00
[2024-09-30T23:20:37.442+0000] {processor.py:208} INFO - Processing /opt/airflow/dags/YT-D.py took 2.216 seconds
[2024-09-30T23:22:08.466+0000] {processor.py:186} INFO - Started process (PID=66) to work on /opt/airflow/dags/YT-D.py
[2024-09-30T23:22:08.472+0000] {processor.py:914} INFO - Processing file /opt/airflow/dags/YT-D.py for tasks to queue
[2024-09-30T23:22:08.482+0000] {logging_mixin.py:190} INFO - [2024-09-30T23:22:08.481+0000] {dagbag.py:588} INFO - Filling up the DagBag from /opt/airflow/dags/YT-D.py
[2024-09-30T23:22:12.091+0000] {processor.py:925} INFO - DAG(s) 'youtube_etl' retrieved from /opt/airflow/dags/YT-D.py
[2024-09-30T23:22:12.460+0000] {logging_mixin.py:190} INFO - [2024-09-30T23:22:12.459+0000] {dag.py:3239} INFO - Sync 1 DAGs
[2024-09-30T23:22:12.580+0000] {logging_mixin.py:190} INFO - [2024-09-30T23:22:12.580+0000] {dag.py:4180} INFO - Setting next_dagrun for youtube_etl to 2024-09-29 00:00:00+00:00, run_after=2024-09-30 00:00:00+00:00
[2024-09-30T23:22:12.970+0000] {processor.py:208} INFO - Processing /opt/airflow/dags/YT-D.py took 4.525 seconds
[2024-09-30T23:22:47.744+0000] {processor.py:186} INFO - Started process (PID=71) to work on /opt/airflow/dags/YT-D.py
[2024-09-30T23:22:47.749+0000] {processor.py:914} INFO - Processing file /opt/airflow/dags/YT-D.py for tasks to queue
[2024-09-30T23:22:47.762+0000] {logging_mixin.py:190} INFO - [2024-09-30T23:22:47.761+0000] {dagbag.py:588} INFO - Filling up the DagBag from /opt/airflow/dags/YT-D.py
[2024-09-30T23:22:50.427+0000] {processor.py:925} INFO - DAG(s) 'youtube_etl' retrieved from /opt/airflow/dags/YT-D.py
[2024-09-30T23:22:50.624+0000] {logging_mixin.py:190} INFO - [2024-09-30T23:22:50.623+0000] {dag.py:3239} INFO - Sync 1 DAGs
[2024-09-30T23:22:50.750+0000] {logging_mixin.py:190} INFO - [2024-09-30T23:22:50.749+0000] {dag.py:4180} INFO - Setting next_dagrun for youtube_etl to 2024-09-29 00:00:00+00:00, run_after=2024-09-30 00:00:00+00:00
[2024-09-30T23:22:50.907+0000] {processor.py:208} INFO - Processing /opt/airflow/dags/YT-D.py took 3.199 seconds
[2024-09-30T23:33:37.215+0000] {processor.py:186} INFO - Started process (PID=47) to work on /opt/airflow/dags/YT-D.py
[2024-09-30T23:33:37.217+0000] {processor.py:914} INFO - Processing file /opt/airflow/dags/YT-D.py for tasks to queue
[2024-09-30T23:33:37.222+0000] {logging_mixin.py:190} INFO - [2024-09-30T23:33:37.221+0000] {dagbag.py:588} INFO - Filling up the DagBag from /opt/airflow/dags/YT-D.py
[2024-09-30T23:33:38.413+0000] {processor.py:925} INFO - DAG(s) 'youtube_etl' retrieved from /opt/airflow/dags/YT-D.py
[2024-09-30T23:33:38.472+0000] {logging_mixin.py:190} INFO - [2024-09-30T23:33:38.471+0000] {dag.py:3239} INFO - Sync 1 DAGs
[2024-09-30T23:33:38.686+0000] {logging_mixin.py:190} INFO - [2024-09-30T23:33:38.686+0000] {dag.py:4180} INFO - Setting next_dagrun for youtube_etl to 2024-09-29 00:00:00+00:00, run_after=2024-09-30 00:00:00+00:00
[2024-09-30T23:33:39.057+0000] {processor.py:208} INFO - Processing /opt/airflow/dags/YT-D.py took 1.854 seconds
[2024-09-30T23:34:29.983+0000] {processor.py:186} INFO - Started process (PID=61) to work on /opt/airflow/dags/YT-D.py
[2024-09-30T23:34:29.984+0000] {processor.py:914} INFO - Processing file /opt/airflow/dags/YT-D.py for tasks to queue
[2024-09-30T23:34:29.987+0000] {logging_mixin.py:190} INFO - [2024-09-30T23:34:29.987+0000] {dagbag.py:588} INFO - Filling up the DagBag from /opt/airflow/dags/YT-D.py
[2024-09-30T23:34:30.927+0000] {processor.py:925} INFO - DAG(s) 'youtube_etl' retrieved from /opt/airflow/dags/YT-D.py
[2024-09-30T23:34:30.951+0000] {logging_mixin.py:190} INFO - [2024-09-30T23:34:30.951+0000] {dag.py:3239} INFO - Sync 1 DAGs
[2024-09-30T23:34:30.982+0000] {logging_mixin.py:190} INFO - [2024-09-30T23:34:30.982+0000] {dag.py:4180} INFO - Setting next_dagrun for youtube_etl to 2024-09-29 00:00:00+00:00, run_after=2024-09-30 00:00:00+00:00
[2024-09-30T23:34:31.075+0000] {processor.py:208} INFO - Processing /opt/airflow/dags/YT-D.py took 1.098 seconds
[2024-09-30T23:35:27.675+0000] {processor.py:186} INFO - Started process (PID=66) to work on /opt/airflow/dags/YT-D.py
[2024-09-30T23:35:27.678+0000] {processor.py:914} INFO - Processing file /opt/airflow/dags/YT-D.py for tasks to queue
[2024-09-30T23:35:27.696+0000] {logging_mixin.py:190} INFO - [2024-09-30T23:35:27.695+0000] {dagbag.py:588} INFO - Filling up the DagBag from /opt/airflow/dags/YT-D.py
[2024-09-30T23:35:30.404+0000] {processor.py:925} INFO - DAG(s) 'youtube_etl' retrieved from /opt/airflow/dags/YT-D.py
[2024-09-30T23:35:30.463+0000] {logging_mixin.py:190} INFO - [2024-09-30T23:35:30.462+0000] {dag.py:3239} INFO - Sync 1 DAGs
[2024-09-30T23:35:30.506+0000] {logging_mixin.py:190} INFO - [2024-09-30T23:35:30.506+0000] {dag.py:4180} INFO - Setting next_dagrun for youtube_etl to 2024-09-29 00:00:00+00:00, run_after=2024-09-30 00:00:00+00:00
[2024-09-30T23:35:30.596+0000] {processor.py:208} INFO - Processing /opt/airflow/dags/YT-D.py took 2.943 seconds
[2024-09-30T23:36:21.053+0000] {processor.py:186} INFO - Started process (PID=71) to work on /opt/airflow/dags/YT-D.py
[2024-09-30T23:36:21.055+0000] {processor.py:914} INFO - Processing file /opt/airflow/dags/YT-D.py for tasks to queue
[2024-09-30T23:36:21.066+0000] {logging_mixin.py:190} INFO - [2024-09-30T23:36:21.065+0000] {dagbag.py:588} INFO - Filling up the DagBag from /opt/airflow/dags/YT-D.py
[2024-09-30T23:36:23.969+0000] {processor.py:925} INFO - DAG(s) 'youtube_etl' retrieved from /opt/airflow/dags/YT-D.py
[2024-09-30T23:36:24.318+0000] {logging_mixin.py:190} INFO - [2024-09-30T23:36:24.317+0000] {dag.py:3239} INFO - Sync 1 DAGs
[2024-09-30T23:36:24.335+0000] {logging_mixin.py:190} INFO - [2024-09-30T23:36:24.334+0000] {dag.py:3262} INFO - Creating ORM DAG for youtube_etl
[2024-09-30T23:36:24.357+0000] {logging_mixin.py:190} INFO - [2024-09-30T23:36:24.356+0000] {dag.py:4180} INFO - Setting next_dagrun for youtube_etl to 2024-09-29 00:00:00+00:00, run_after=2024-09-30 00:00:00+00:00
[2024-09-30T23:36:24.540+0000] {processor.py:208} INFO - Processing /opt/airflow/dags/YT-D.py took 3.497 seconds
[2024-09-30T23:37:46.878+0000] {processor.py:186} INFO - Started process (PID=56) to work on /opt/airflow/dags/YT-D.py
[2024-09-30T23:37:46.880+0000] {processor.py:914} INFO - Processing file /opt/airflow/dags/YT-D.py for tasks to queue
[2024-09-30T23:37:46.886+0000] {logging_mixin.py:190} INFO - [2024-09-30T23:37:46.885+0000] {dagbag.py:588} INFO - Filling up the DagBag from /opt/airflow/dags/YT-D.py
[2024-09-30T23:37:47.663+0000] {processor.py:925} INFO - DAG(s) 'youtube_etl' retrieved from /opt/airflow/dags/YT-D.py
[2024-09-30T23:37:47.720+0000] {logging_mixin.py:190} INFO - [2024-09-30T23:37:47.719+0000] {dag.py:3239} INFO - Sync 1 DAGs
[2024-09-30T23:37:47.784+0000] {logging_mixin.py:190} INFO - [2024-09-30T23:37:47.783+0000] {dag.py:4180} INFO - Setting next_dagrun for youtube_etl to 2024-09-29 00:00:00+00:00, run_after=2024-09-30 00:00:00+00:00
[2024-09-30T23:37:47.914+0000] {processor.py:208} INFO - Processing /opt/airflow/dags/YT-D.py took 1.054 seconds
[2024-09-30T23:38:42.591+0000] {processor.py:186} INFO - Started process (PID=61) to work on /opt/airflow/dags/YT-D.py
[2024-09-30T23:38:42.592+0000] {processor.py:914} INFO - Processing file /opt/airflow/dags/YT-D.py for tasks to queue
[2024-09-30T23:38:42.595+0000] {logging_mixin.py:190} INFO - [2024-09-30T23:38:42.594+0000] {dagbag.py:588} INFO - Filling up the DagBag from /opt/airflow/dags/YT-D.py
[2024-09-30T23:38:43.496+0000] {processor.py:925} INFO - DAG(s) 'youtube_etl' retrieved from /opt/airflow/dags/YT-D.py
[2024-09-30T23:38:43.520+0000] {logging_mixin.py:190} INFO - [2024-09-30T23:38:43.519+0000] {dag.py:3239} INFO - Sync 1 DAGs
[2024-09-30T23:38:43.550+0000] {logging_mixin.py:190} INFO - [2024-09-30T23:38:43.550+0000] {dag.py:4180} INFO - Setting next_dagrun for youtube_etl to 2024-09-29 00:00:00+00:00, run_after=2024-09-30 00:00:00+00:00
[2024-09-30T23:38:43.617+0000] {processor.py:208} INFO - Processing /opt/airflow/dags/YT-D.py took 1.033 seconds
[2024-09-30T23:39:35.418+0000] {processor.py:186} INFO - Started process (PID=66) to work on /opt/airflow/dags/YT-D.py
[2024-09-30T23:39:35.419+0000] {processor.py:914} INFO - Processing file /opt/airflow/dags/YT-D.py for tasks to queue
[2024-09-30T23:39:35.422+0000] {logging_mixin.py:190} INFO - [2024-09-30T23:39:35.422+0000] {dagbag.py:588} INFO - Filling up the DagBag from /opt/airflow/dags/YT-D.py
[2024-09-30T23:39:36.119+0000] {processor.py:925} INFO - DAG(s) 'youtube_etl' retrieved from /opt/airflow/dags/YT-D.py
[2024-09-30T23:39:36.159+0000] {logging_mixin.py:190} INFO - [2024-09-30T23:39:36.158+0000] {dag.py:3239} INFO - Sync 1 DAGs
[2024-09-30T23:39:36.201+0000] {logging_mixin.py:190} INFO - [2024-09-30T23:39:36.199+0000] {dag.py:4180} INFO - Setting next_dagrun for youtube_etl to 2024-09-29 00:00:00+00:00, run_after=2024-09-30 00:00:00+00:00
[2024-09-30T23:39:36.321+0000] {processor.py:208} INFO - Processing /opt/airflow/dags/YT-D.py took 0.912 seconds
[2024-09-30T23:40:28.857+0000] {processor.py:186} INFO - Started process (PID=80) to work on /opt/airflow/dags/YT-D.py
[2024-09-30T23:40:28.859+0000] {processor.py:914} INFO - Processing file /opt/airflow/dags/YT-D.py for tasks to queue
[2024-09-30T23:40:28.861+0000] {logging_mixin.py:190} INFO - [2024-09-30T23:40:28.861+0000] {dagbag.py:588} INFO - Filling up the DagBag from /opt/airflow/dags/YT-D.py
[2024-09-30T23:40:29.479+0000] {processor.py:925} INFO - DAG(s) 'youtube_etl' retrieved from /opt/airflow/dags/YT-D.py
[2024-09-30T23:40:29.505+0000] {logging_mixin.py:190} INFO - [2024-09-30T23:40:29.505+0000] {dag.py:3239} INFO - Sync 1 DAGs
[2024-09-30T23:40:29.532+0000] {logging_mixin.py:190} INFO - [2024-09-30T23:40:29.532+0000] {dag.py:4180} INFO - Setting next_dagrun for youtube_etl to 2024-09-29 00:00:00+00:00, run_after=2024-09-30 00:00:00+00:00
[2024-09-30T23:40:29.597+0000] {processor.py:208} INFO - Processing /opt/airflow/dags/YT-D.py took 0.746 seconds
[2024-09-30T23:41:21.893+0000] {processor.py:186} INFO - Started process (PID=90) to work on /opt/airflow/dags/YT-D.py
[2024-09-30T23:41:21.895+0000] {processor.py:914} INFO - Processing file /opt/airflow/dags/YT-D.py for tasks to queue
[2024-09-30T23:41:21.897+0000] {logging_mixin.py:190} INFO - [2024-09-30T23:41:21.897+0000] {dagbag.py:588} INFO - Filling up the DagBag from /opt/airflow/dags/YT-D.py
[2024-09-30T23:41:22.568+0000] {processor.py:925} INFO - DAG(s) 'youtube_etl' retrieved from /opt/airflow/dags/YT-D.py
[2024-09-30T23:41:22.623+0000] {logging_mixin.py:190} INFO - [2024-09-30T23:41:22.622+0000] {dag.py:3239} INFO - Sync 1 DAGs
[2024-09-30T23:41:22.657+0000] {logging_mixin.py:190} INFO - [2024-09-30T23:41:22.656+0000] {dag.py:4180} INFO - Setting next_dagrun for youtube_etl to 2024-09-29 00:00:00+00:00, run_after=2024-09-30 00:00:00+00:00
[2024-09-30T23:41:22.732+0000] {processor.py:208} INFO - Processing /opt/airflow/dags/YT-D.py took 0.845 seconds
[2024-09-30T23:42:15.191+0000] {processor.py:186} INFO - Started process (PID=95) to work on /opt/airflow/dags/YT-D.py
[2024-09-30T23:42:15.192+0000] {processor.py:914} INFO - Processing file /opt/airflow/dags/YT-D.py for tasks to queue
[2024-09-30T23:42:15.198+0000] {logging_mixin.py:190} INFO - [2024-09-30T23:42:15.197+0000] {dagbag.py:588} INFO - Filling up the DagBag from /opt/airflow/dags/YT-D.py
[2024-09-30T23:42:17.493+0000] {processor.py:925} INFO - DAG(s) 'youtube_etl' retrieved from /opt/airflow/dags/YT-D.py
[2024-09-30T23:42:17.718+0000] {logging_mixin.py:190} INFO - [2024-09-30T23:42:17.717+0000] {dag.py:3239} INFO - Sync 1 DAGs
[2024-09-30T23:42:18.082+0000] {logging_mixin.py:190} INFO - [2024-09-30T23:42:18.082+0000] {dag.py:4180} INFO - Setting next_dagrun for youtube_etl to 2024-09-29 00:00:00+00:00, run_after=2024-09-30 00:00:00+00:00
[2024-09-30T23:42:18.262+0000] {processor.py:208} INFO - Processing /opt/airflow/dags/YT-D.py took 3.090 seconds
[2024-09-30T23:43:08.216+0000] {processor.py:186} INFO - Started process (PID=101) to work on /opt/airflow/dags/YT-D.py
[2024-09-30T23:43:08.217+0000] {processor.py:914} INFO - Processing file /opt/airflow/dags/YT-D.py for tasks to queue
[2024-09-30T23:43:08.219+0000] {logging_mixin.py:190} INFO - [2024-09-30T23:43:08.219+0000] {dagbag.py:588} INFO - Filling up the DagBag from /opt/airflow/dags/YT-D.py
[2024-09-30T23:43:08.914+0000] {processor.py:925} INFO - DAG(s) 'youtube_etl' retrieved from /opt/airflow/dags/YT-D.py
[2024-09-30T23:43:08.965+0000] {logging_mixin.py:190} INFO - [2024-09-30T23:43:08.964+0000] {dag.py:3239} INFO - Sync 1 DAGs
[2024-09-30T23:43:09.006+0000] {logging_mixin.py:190} INFO - [2024-09-30T23:43:09.006+0000] {dag.py:4180} INFO - Setting next_dagrun for youtube_etl to 2024-09-29 00:00:00+00:00, run_after=2024-09-30 00:00:00+00:00
[2024-09-30T23:43:09.064+0000] {processor.py:208} INFO - Processing /opt/airflow/dags/YT-D.py took 0.854 seconds
[2024-09-30T23:44:02.304+0000] {processor.py:186} INFO - Started process (PID=111) to work on /opt/airflow/dags/YT-D.py
[2024-09-30T23:44:02.320+0000] {processor.py:914} INFO - Processing file /opt/airflow/dags/YT-D.py for tasks to queue
[2024-09-30T23:44:02.326+0000] {logging_mixin.py:190} INFO - [2024-09-30T23:44:02.325+0000] {dagbag.py:588} INFO - Filling up the DagBag from /opt/airflow/dags/YT-D.py
[2024-09-30T23:44:03.751+0000] {processor.py:925} INFO - DAG(s) 'youtube_etl' retrieved from /opt/airflow/dags/YT-D.py
[2024-09-30T23:44:03.819+0000] {logging_mixin.py:190} INFO - [2024-09-30T23:44:03.818+0000] {dag.py:3239} INFO - Sync 1 DAGs
[2024-09-30T23:44:03.894+0000] {logging_mixin.py:190} INFO - [2024-09-30T23:44:03.893+0000] {dag.py:4180} INFO - Setting next_dagrun for youtube_etl to 2024-09-29 00:00:00+00:00, run_after=2024-09-30 00:00:00+00:00
[2024-09-30T23:44:04.012+0000] {processor.py:208} INFO - Processing /opt/airflow/dags/YT-D.py took 1.731 seconds
[2024-09-30T23:45:01.077+0000] {processor.py:186} INFO - Started process (PID=119) to work on /opt/airflow/dags/YT-D.py
[2024-09-30T23:45:01.079+0000] {processor.py:914} INFO - Processing file /opt/airflow/dags/YT-D.py for tasks to queue
[2024-09-30T23:45:01.084+0000] {logging_mixin.py:190} INFO - [2024-09-30T23:45:01.084+0000] {dagbag.py:588} INFO - Filling up the DagBag from /opt/airflow/dags/YT-D.py
[2024-09-30T23:45:02.062+0000] {processor.py:925} INFO - DAG(s) 'youtube_etl' retrieved from /opt/airflow/dags/YT-D.py
[2024-09-30T23:45:02.128+0000] {logging_mixin.py:190} INFO - [2024-09-30T23:45:02.128+0000] {dag.py:3239} INFO - Sync 1 DAGs
[2024-09-30T23:45:02.196+0000] {logging_mixin.py:190} INFO - [2024-09-30T23:45:02.195+0000] {dag.py:4180} INFO - Setting next_dagrun for youtube_etl to 2024-09-29 00:00:00+00:00, run_after=2024-09-30 00:00:00+00:00
[2024-09-30T23:45:02.259+0000] {processor.py:208} INFO - Processing /opt/airflow/dags/YT-D.py took 1.192 seconds
[2024-09-30T23:45:33.449+0000] {processor.py:186} INFO - Started process (PID=129) to work on /opt/airflow/dags/YT-D.py
[2024-09-30T23:45:33.450+0000] {processor.py:914} INFO - Processing file /opt/airflow/dags/YT-D.py for tasks to queue
[2024-09-30T23:45:33.454+0000] {logging_mixin.py:190} INFO - [2024-09-30T23:45:33.453+0000] {dagbag.py:588} INFO - Filling up the DagBag from /opt/airflow/dags/YT-D.py
[2024-09-30T23:45:34.124+0000] {processor.py:925} INFO - DAG(s) 'youtube_etl' retrieved from /opt/airflow/dags/YT-D.py
[2024-09-30T23:45:34.157+0000] {logging_mixin.py:190} INFO - [2024-09-30T23:45:34.156+0000] {dag.py:3239} INFO - Sync 1 DAGs
[2024-09-30T23:45:34.184+0000] {logging_mixin.py:190} INFO - [2024-09-30T23:45:34.184+0000] {dag.py:4180} INFO - Setting next_dagrun for youtube_etl to 2024-09-29 00:00:00+00:00, run_after=2024-09-30 00:00:00+00:00
[2024-09-30T23:45:34.244+0000] {processor.py:208} INFO - Processing /opt/airflow/dags/YT-D.py took 0.801 seconds
[2024-09-30T23:46:05.821+0000] {processor.py:186} INFO - Started process (PID=134) to work on /opt/airflow/dags/YT-D.py
[2024-09-30T23:46:05.824+0000] {processor.py:914} INFO - Processing file /opt/airflow/dags/YT-D.py for tasks to queue
[2024-09-30T23:46:05.832+0000] {logging_mixin.py:190} INFO - [2024-09-30T23:46:05.832+0000] {dagbag.py:588} INFO - Filling up the DagBag from /opt/airflow/dags/YT-D.py
[2024-09-30T23:46:07.715+0000] {processor.py:925} INFO - DAG(s) 'youtube_etl' retrieved from /opt/airflow/dags/YT-D.py
[2024-09-30T23:46:07.841+0000] {logging_mixin.py:190} INFO - [2024-09-30T23:46:07.840+0000] {dag.py:3239} INFO - Sync 1 DAGs
[2024-09-30T23:46:07.956+0000] {logging_mixin.py:190} INFO - [2024-09-30T23:46:07.955+0000] {dag.py:4180} INFO - Setting next_dagrun for youtube_etl to 2024-09-29 00:00:00+00:00, run_after=2024-09-30 00:00:00+00:00
[2024-09-30T23:46:08.125+0000] {processor.py:208} INFO - Processing /opt/airflow/dags/YT-D.py took 2.317 seconds
[2024-09-30T23:46:40.686+0000] {processor.py:186} INFO - Started process (PID=139) to work on /opt/airflow/dags/YT-D.py
[2024-09-30T23:46:40.687+0000] {processor.py:914} INFO - Processing file /opt/airflow/dags/YT-D.py for tasks to queue
[2024-09-30T23:46:40.690+0000] {logging_mixin.py:190} INFO - [2024-09-30T23:46:40.690+0000] {dagbag.py:588} INFO - Filling up the DagBag from /opt/airflow/dags/YT-D.py
[2024-09-30T23:46:41.520+0000] {processor.py:925} INFO - DAG(s) 'youtube_etl' retrieved from /opt/airflow/dags/YT-D.py
[2024-09-30T23:46:41.568+0000] {logging_mixin.py:190} INFO - [2024-09-30T23:46:41.567+0000] {dag.py:3239} INFO - Sync 1 DAGs
[2024-09-30T23:46:41.612+0000] {logging_mixin.py:190} INFO - [2024-09-30T23:46:41.612+0000] {dag.py:4180} INFO - Setting next_dagrun for youtube_etl to 2024-09-29 00:00:00+00:00, run_after=2024-09-30 00:00:00+00:00
[2024-09-30T23:46:41.675+0000] {processor.py:208} INFO - Processing /opt/airflow/dags/YT-D.py took 0.996 seconds
[2024-09-30T23:47:12.021+0000] {processor.py:186} INFO - Started process (PID=146) to work on /opt/airflow/dags/YT-D.py
[2024-09-30T23:47:12.022+0000] {processor.py:914} INFO - Processing file /opt/airflow/dags/YT-D.py for tasks to queue
[2024-09-30T23:47:12.025+0000] {logging_mixin.py:190} INFO - [2024-09-30T23:47:12.024+0000] {dagbag.py:588} INFO - Filling up the DagBag from /opt/airflow/dags/YT-D.py
[2024-09-30T23:47:12.847+0000] {processor.py:925} INFO - DAG(s) 'youtube_etl' retrieved from /opt/airflow/dags/YT-D.py
[2024-09-30T23:47:12.876+0000] {logging_mixin.py:190} INFO - [2024-09-30T23:47:12.876+0000] {dag.py:3239} INFO - Sync 1 DAGs
[2024-09-30T23:47:12.904+0000] {logging_mixin.py:190} INFO - [2024-09-30T23:47:12.903+0000] {dag.py:4180} INFO - Setting next_dagrun for youtube_etl to 2024-09-29 00:00:00+00:00, run_after=2024-09-30 00:00:00+00:00
[2024-09-30T23:47:12.973+0000] {processor.py:208} INFO - Processing /opt/airflow/dags/YT-D.py took 0.959 seconds
[2024-09-30T23:47:43.977+0000] {processor.py:186} INFO - Started process (PID=150) to work on /opt/airflow/dags/YT-D.py
[2024-09-30T23:47:43.978+0000] {processor.py:914} INFO - Processing file /opt/airflow/dags/YT-D.py for tasks to queue
[2024-09-30T23:47:43.983+0000] {logging_mixin.py:190} INFO - [2024-09-30T23:47:43.982+0000] {dagbag.py:588} INFO - Filling up the DagBag from /opt/airflow/dags/YT-D.py
[2024-09-30T23:47:44.618+0000] {processor.py:925} INFO - DAG(s) 'youtube_etl' retrieved from /opt/airflow/dags/YT-D.py
[2024-09-30T23:47:44.652+0000] {logging_mixin.py:190} INFO - [2024-09-30T23:47:44.651+0000] {dag.py:3239} INFO - Sync 1 DAGs
[2024-09-30T23:47:44.695+0000] {logging_mixin.py:190} INFO - [2024-09-30T23:47:44.695+0000] {dag.py:4180} INFO - Setting next_dagrun for youtube_etl to 2024-09-29 00:00:00+00:00, run_after=2024-09-30 00:00:00+00:00
[2024-09-30T23:47:44.757+0000] {processor.py:208} INFO - Processing /opt/airflow/dags/YT-D.py took 0.788 seconds
[2024-09-30T23:48:15.903+0000] {processor.py:186} INFO - Started process (PID=154) to work on /opt/airflow/dags/YT-D.py
[2024-09-30T23:48:15.904+0000] {processor.py:914} INFO - Processing file /opt/airflow/dags/YT-D.py for tasks to queue
[2024-09-30T23:48:15.908+0000] {logging_mixin.py:190} INFO - [2024-09-30T23:48:15.907+0000] {dagbag.py:588} INFO - Filling up the DagBag from /opt/airflow/dags/YT-D.py
[2024-09-30T23:48:16.573+0000] {processor.py:925} INFO - DAG(s) 'youtube_etl' retrieved from /opt/airflow/dags/YT-D.py
[2024-09-30T23:48:16.599+0000] {logging_mixin.py:190} INFO - [2024-09-30T23:48:16.598+0000] {dag.py:3239} INFO - Sync 1 DAGs
[2024-09-30T23:48:16.627+0000] {logging_mixin.py:190} INFO - [2024-09-30T23:48:16.627+0000] {dag.py:4180} INFO - Setting next_dagrun for youtube_etl to 2024-09-29 00:00:00+00:00, run_after=2024-09-30 00:00:00+00:00
[2024-09-30T23:48:16.701+0000] {processor.py:208} INFO - Processing /opt/airflow/dags/YT-D.py took 0.810 seconds
[2024-09-30T23:48:47.794+0000] {processor.py:186} INFO - Started process (PID=158) to work on /opt/airflow/dags/YT-D.py
[2024-09-30T23:48:47.796+0000] {processor.py:914} INFO - Processing file /opt/airflow/dags/YT-D.py for tasks to queue
[2024-09-30T23:48:47.799+0000] {logging_mixin.py:190} INFO - [2024-09-30T23:48:47.799+0000] {dagbag.py:588} INFO - Filling up the DagBag from /opt/airflow/dags/YT-D.py
[2024-09-30T23:48:48.402+0000] {processor.py:925} INFO - DAG(s) 'youtube_etl' retrieved from /opt/airflow/dags/YT-D.py
[2024-09-30T23:48:48.429+0000] {logging_mixin.py:190} INFO - [2024-09-30T23:48:48.428+0000] {dag.py:3239} INFO - Sync 1 DAGs
[2024-09-30T23:48:48.460+0000] {logging_mixin.py:190} INFO - [2024-09-30T23:48:48.460+0000] {dag.py:4180} INFO - Setting next_dagrun for youtube_etl to 2024-09-29 00:00:00+00:00, run_after=2024-09-30 00:00:00+00:00
[2024-09-30T23:48:48.525+0000] {processor.py:208} INFO - Processing /opt/airflow/dags/YT-D.py took 0.738 seconds
[2024-09-30T23:49:19.493+0000] {processor.py:186} INFO - Started process (PID=162) to work on /opt/airflow/dags/YT-D.py
[2024-09-30T23:49:19.495+0000] {processor.py:914} INFO - Processing file /opt/airflow/dags/YT-D.py for tasks to queue
[2024-09-30T23:49:19.497+0000] {logging_mixin.py:190} INFO - [2024-09-30T23:49:19.497+0000] {dagbag.py:588} INFO - Filling up the DagBag from /opt/airflow/dags/YT-D.py
[2024-09-30T23:49:20.052+0000] {processor.py:925} INFO - DAG(s) 'youtube_etl' retrieved from /opt/airflow/dags/YT-D.py
[2024-09-30T23:49:20.081+0000] {logging_mixin.py:190} INFO - [2024-09-30T23:49:20.081+0000] {dag.py:3239} INFO - Sync 1 DAGs
[2024-09-30T23:49:20.109+0000] {logging_mixin.py:190} INFO - [2024-09-30T23:49:20.109+0000] {dag.py:4180} INFO - Setting next_dagrun for youtube_etl to 2024-09-29 00:00:00+00:00, run_after=2024-09-30 00:00:00+00:00
[2024-09-30T23:49:20.187+0000] {processor.py:208} INFO - Processing /opt/airflow/dags/YT-D.py took 0.705 seconds
[2024-09-30T23:49:50.783+0000] {processor.py:186} INFO - Started process (PID=166) to work on /opt/airflow/dags/YT-D.py
[2024-09-30T23:49:50.784+0000] {processor.py:914} INFO - Processing file /opt/airflow/dags/YT-D.py for tasks to queue
[2024-09-30T23:49:50.787+0000] {logging_mixin.py:190} INFO - [2024-09-30T23:49:50.786+0000] {dagbag.py:588} INFO - Filling up the DagBag from /opt/airflow/dags/YT-D.py
[2024-09-30T23:49:51.378+0000] {processor.py:925} INFO - DAG(s) 'youtube_etl' retrieved from /opt/airflow/dags/YT-D.py
[2024-09-30T23:49:51.403+0000] {logging_mixin.py:190} INFO - [2024-09-30T23:49:51.402+0000] {dag.py:3239} INFO - Sync 1 DAGs
[2024-09-30T23:49:51.429+0000] {logging_mixin.py:190} INFO - [2024-09-30T23:49:51.428+0000] {dag.py:4180} INFO - Setting next_dagrun for youtube_etl to 2024-09-29 00:00:00+00:00, run_after=2024-09-30 00:00:00+00:00
[2024-09-30T23:49:51.484+0000] {processor.py:208} INFO - Processing /opt/airflow/dags/YT-D.py took 0.708 seconds
[2024-09-30T23:50:22.181+0000] {processor.py:186} INFO - Started process (PID=170) to work on /opt/airflow/dags/YT-D.py
[2024-09-30T23:50:22.182+0000] {processor.py:914} INFO - Processing file /opt/airflow/dags/YT-D.py for tasks to queue
[2024-09-30T23:50:22.184+0000] {logging_mixin.py:190} INFO - [2024-09-30T23:50:22.184+0000] {dagbag.py:588} INFO - Filling up the DagBag from /opt/airflow/dags/YT-D.py
[2024-09-30T23:50:22.886+0000] {processor.py:925} INFO - DAG(s) 'youtube_etl' retrieved from /opt/airflow/dags/YT-D.py
[2024-09-30T23:50:22.910+0000] {logging_mixin.py:190} INFO - [2024-09-30T23:50:22.910+0000] {dag.py:3239} INFO - Sync 1 DAGs
[2024-09-30T23:50:22.936+0000] {logging_mixin.py:190} INFO - [2024-09-30T23:50:22.936+0000] {dag.py:4180} INFO - Setting next_dagrun for youtube_etl to 2024-09-29 00:00:00+00:00, run_after=2024-09-30 00:00:00+00:00
[2024-09-30T23:50:23.064+0000] {processor.py:208} INFO - Processing /opt/airflow/dags/YT-D.py took 0.890 seconds
[2024-09-30T23:50:54.300+0000] {processor.py:186} INFO - Started process (PID=174) to work on /opt/airflow/dags/YT-D.py
[2024-09-30T23:50:54.369+0000] {processor.py:914} INFO - Processing file /opt/airflow/dags/YT-D.py for tasks to queue
[2024-09-30T23:50:54.425+0000] {logging_mixin.py:190} INFO - [2024-09-30T23:50:54.424+0000] {dagbag.py:588} INFO - Filling up the DagBag from /opt/airflow/dags/YT-D.py
[2024-09-30T23:50:56.647+0000] {processor.py:925} INFO - DAG(s) 'youtube_etl' retrieved from /opt/airflow/dags/YT-D.py
[2024-09-30T23:50:56.701+0000] {logging_mixin.py:190} INFO - [2024-09-30T23:50:56.699+0000] {dag.py:3239} INFO - Sync 1 DAGs
[2024-09-30T23:50:56.779+0000] {logging_mixin.py:190} INFO - [2024-09-30T23:50:56.778+0000] {dag.py:4180} INFO - Setting next_dagrun for youtube_etl to 2024-09-29 00:00:00+00:00, run_after=2024-09-30 00:00:00+00:00
[2024-09-30T23:50:56.914+0000] {processor.py:208} INFO - Processing /opt/airflow/dags/YT-D.py took 2.627 seconds
[2024-09-30T23:51:27.631+0000] {processor.py:186} INFO - Started process (PID=178) to work on /opt/airflow/dags/YT-D.py
[2024-09-30T23:51:27.633+0000] {processor.py:914} INFO - Processing file /opt/airflow/dags/YT-D.py for tasks to queue
[2024-09-30T23:51:27.639+0000] {logging_mixin.py:190} INFO - [2024-09-30T23:51:27.638+0000] {dagbag.py:588} INFO - Filling up the DagBag from /opt/airflow/dags/YT-D.py
[2024-09-30T23:51:29.689+0000] {processor.py:925} INFO - DAG(s) 'youtube_etl' retrieved from /opt/airflow/dags/YT-D.py
[2024-09-30T23:51:29.765+0000] {logging_mixin.py:190} INFO - [2024-09-30T23:51:29.764+0000] {dag.py:3239} INFO - Sync 1 DAGs
[2024-09-30T23:51:29.833+0000] {logging_mixin.py:190} INFO - [2024-09-30T23:51:29.833+0000] {dag.py:4180} INFO - Setting next_dagrun for youtube_etl to 2024-09-29 00:00:00+00:00, run_after=2024-09-30 00:00:00+00:00
[2024-09-30T23:51:29.957+0000] {processor.py:208} INFO - Processing /opt/airflow/dags/YT-D.py took 2.337 seconds
[2024-09-30T23:52:01.472+0000] {processor.py:186} INFO - Started process (PID=182) to work on /opt/airflow/dags/YT-D.py
[2024-09-30T23:52:01.474+0000] {processor.py:914} INFO - Processing file /opt/airflow/dags/YT-D.py for tasks to queue
[2024-09-30T23:52:01.487+0000] {logging_mixin.py:190} INFO - [2024-09-30T23:52:01.487+0000] {dagbag.py:588} INFO - Filling up the DagBag from /opt/airflow/dags/YT-D.py
[2024-09-30T23:52:04.251+0000] {processor.py:925} INFO - DAG(s) 'youtube_etl' retrieved from /opt/airflow/dags/YT-D.py
[2024-09-30T23:52:05.183+0000] {logging_mixin.py:190} INFO - [2024-09-30T23:52:05.182+0000] {dag.py:3239} INFO - Sync 1 DAGs
[2024-09-30T23:52:05.286+0000] {logging_mixin.py:190} INFO - [2024-09-30T23:52:05.285+0000] {dag.py:4180} INFO - Setting next_dagrun for youtube_etl to 2024-09-29 00:00:00+00:00, run_after=2024-09-30 00:00:00+00:00
[2024-09-30T23:52:05.406+0000] {processor.py:208} INFO - Processing /opt/airflow/dags/YT-D.py took 3.955 seconds
[2024-09-30T23:52:36.517+0000] {processor.py:186} INFO - Started process (PID=186) to work on /opt/airflow/dags/YT-D.py
[2024-09-30T23:52:36.520+0000] {processor.py:914} INFO - Processing file /opt/airflow/dags/YT-D.py for tasks to queue
[2024-09-30T23:52:36.533+0000] {logging_mixin.py:190} INFO - [2024-09-30T23:52:36.533+0000] {dagbag.py:588} INFO - Filling up the DagBag from /opt/airflow/dags/YT-D.py
[2024-09-30T23:52:39.024+0000] {processor.py:925} INFO - DAG(s) 'youtube_etl' retrieved from /opt/airflow/dags/YT-D.py
[2024-09-30T23:52:39.146+0000] {logging_mixin.py:190} INFO - [2024-09-30T23:52:39.145+0000] {dag.py:3239} INFO - Sync 1 DAGs
[2024-09-30T23:52:39.308+0000] {logging_mixin.py:190} INFO - [2024-09-30T23:52:39.308+0000] {dag.py:4180} INFO - Setting next_dagrun for youtube_etl to 2024-09-29 00:00:00+00:00, run_after=2024-09-30 00:00:00+00:00
[2024-09-30T23:52:39.492+0000] {processor.py:208} INFO - Processing /opt/airflow/dags/YT-D.py took 2.995 seconds
[2024-09-30T23:53:10.067+0000] {processor.py:186} INFO - Started process (PID=190) to work on /opt/airflow/dags/YT-D.py
[2024-09-30T23:53:10.069+0000] {processor.py:914} INFO - Processing file /opt/airflow/dags/YT-D.py for tasks to queue
[2024-09-30T23:53:10.074+0000] {logging_mixin.py:190} INFO - [2024-09-30T23:53:10.073+0000] {dagbag.py:588} INFO - Filling up the DagBag from /opt/airflow/dags/YT-D.py
[2024-09-30T23:53:11.642+0000] {processor.py:925} INFO - DAG(s) 'youtube_etl' retrieved from /opt/airflow/dags/YT-D.py
[2024-09-30T23:53:11.674+0000] {logging_mixin.py:190} INFO - [2024-09-30T23:53:11.674+0000] {dag.py:3239} INFO - Sync 1 DAGs
[2024-09-30T23:53:11.710+0000] {logging_mixin.py:190} INFO - [2024-09-30T23:53:11.709+0000] {dag.py:4180} INFO - Setting next_dagrun for youtube_etl to 2024-09-29 00:00:00+00:00, run_after=2024-09-30 00:00:00+00:00
[2024-09-30T23:53:11.808+0000] {processor.py:208} INFO - Processing /opt/airflow/dags/YT-D.py took 1.755 seconds
[2024-09-30T23:53:42.120+0000] {processor.py:186} INFO - Started process (PID=194) to work on /opt/airflow/dags/YT-D.py
[2024-09-30T23:53:42.121+0000] {processor.py:914} INFO - Processing file /opt/airflow/dags/YT-D.py for tasks to queue
[2024-09-30T23:53:42.125+0000] {logging_mixin.py:190} INFO - [2024-09-30T23:53:42.124+0000] {dagbag.py:588} INFO - Filling up the DagBag from /opt/airflow/dags/YT-D.py
[2024-09-30T23:53:43.167+0000] {processor.py:925} INFO - DAG(s) 'youtube_etl' retrieved from /opt/airflow/dags/YT-D.py
[2024-09-30T23:53:43.212+0000] {logging_mixin.py:190} INFO - [2024-09-30T23:53:43.211+0000] {dag.py:3239} INFO - Sync 1 DAGs
[2024-09-30T23:53:43.265+0000] {logging_mixin.py:190} INFO - [2024-09-30T23:53:43.264+0000] {dag.py:4180} INFO - Setting next_dagrun for youtube_etl to 2024-09-29 00:00:00+00:00, run_after=2024-09-30 00:00:00+00:00
[2024-09-30T23:53:43.358+0000] {processor.py:208} INFO - Processing /opt/airflow/dags/YT-D.py took 1.247 seconds
[2024-09-30T23:54:13.781+0000] {processor.py:186} INFO - Started process (PID=198) to work on /opt/airflow/dags/YT-D.py
[2024-09-30T23:54:13.784+0000] {processor.py:914} INFO - Processing file /opt/airflow/dags/YT-D.py for tasks to queue
[2024-09-30T23:54:13.790+0000] {logging_mixin.py:190} INFO - [2024-09-30T23:54:13.788+0000] {dagbag.py:588} INFO - Filling up the DagBag from /opt/airflow/dags/YT-D.py
[2024-09-30T23:54:14.929+0000] {processor.py:925} INFO - DAG(s) 'youtube_etl' retrieved from /opt/airflow/dags/YT-D.py
[2024-09-30T23:54:15.001+0000] {logging_mixin.py:190} INFO - [2024-09-30T23:54:15.000+0000] {dag.py:3239} INFO - Sync 1 DAGs
[2024-09-30T23:54:15.033+0000] {logging_mixin.py:190} INFO - [2024-09-30T23:54:15.033+0000] {dag.py:4180} INFO - Setting next_dagrun for youtube_etl to 2024-09-29 00:00:00+00:00, run_after=2024-09-30 00:00:00+00:00
[2024-09-30T23:54:15.118+0000] {processor.py:208} INFO - Processing /opt/airflow/dags/YT-D.py took 1.359 seconds
[2024-09-30T23:54:45.862+0000] {processor.py:186} INFO - Started process (PID=202) to work on /opt/airflow/dags/YT-D.py
[2024-09-30T23:54:45.865+0000] {processor.py:914} INFO - Processing file /opt/airflow/dags/YT-D.py for tasks to queue
[2024-09-30T23:54:45.876+0000] {logging_mixin.py:190} INFO - [2024-09-30T23:54:45.873+0000] {dagbag.py:588} INFO - Filling up the DagBag from /opt/airflow/dags/YT-D.py
[2024-09-30T23:54:46.877+0000] {processor.py:925} INFO - DAG(s) 'youtube_etl' retrieved from /opt/airflow/dags/YT-D.py
[2024-09-30T23:54:46.940+0000] {logging_mixin.py:190} INFO - [2024-09-30T23:54:46.939+0000] {dag.py:3239} INFO - Sync 1 DAGs
[2024-09-30T23:54:47.009+0000] {logging_mixin.py:190} INFO - [2024-09-30T23:54:47.009+0000] {dag.py:4180} INFO - Setting next_dagrun for youtube_etl to 2024-09-29 00:00:00+00:00, run_after=2024-09-30 00:00:00+00:00
[2024-09-30T23:54:47.088+0000] {processor.py:208} INFO - Processing /opt/airflow/dags/YT-D.py took 1.244 seconds
[2024-09-30T23:55:19.123+0000] {processor.py:186} INFO - Started process (PID=206) to work on /opt/airflow/dags/YT-D.py
[2024-09-30T23:55:19.125+0000] {processor.py:914} INFO - Processing file /opt/airflow/dags/YT-D.py for tasks to queue
[2024-09-30T23:55:19.141+0000] {logging_mixin.py:190} INFO - [2024-09-30T23:55:19.140+0000] {dagbag.py:588} INFO - Filling up the DagBag from /opt/airflow/dags/YT-D.py
[2024-09-30T23:55:22.274+0000] {processor.py:925} INFO - DAG(s) 'youtube_etl' retrieved from /opt/airflow/dags/YT-D.py
[2024-09-30T23:55:22.509+0000] {logging_mixin.py:190} INFO - [2024-09-30T23:55:22.508+0000] {dag.py:3239} INFO - Sync 1 DAGs
[2024-09-30T23:55:22.619+0000] {logging_mixin.py:190} INFO - [2024-09-30T23:55:22.619+0000] {dag.py:4180} INFO - Setting next_dagrun for youtube_etl to 2024-09-29 00:00:00+00:00, run_after=2024-09-30 00:00:00+00:00
[2024-09-30T23:55:23.074+0000] {processor.py:208} INFO - Processing /opt/airflow/dags/YT-D.py took 3.976 seconds
[2024-09-30T23:55:53.896+0000] {processor.py:186} INFO - Started process (PID=210) to work on /opt/airflow/dags/YT-D.py
[2024-09-30T23:55:53.899+0000] {processor.py:914} INFO - Processing file /opt/airflow/dags/YT-D.py for tasks to queue
[2024-09-30T23:55:53.904+0000] {logging_mixin.py:190} INFO - [2024-09-30T23:55:53.903+0000] {dagbag.py:588} INFO - Filling up the DagBag from /opt/airflow/dags/YT-D.py
[2024-09-30T23:55:55.158+0000] {processor.py:925} INFO - DAG(s) 'youtube_etl' retrieved from /opt/airflow/dags/YT-D.py
[2024-09-30T23:55:55.201+0000] {logging_mixin.py:190} INFO - [2024-09-30T23:55:55.200+0000] {dag.py:3239} INFO - Sync 1 DAGs
[2024-09-30T23:55:55.257+0000] {logging_mixin.py:190} INFO - [2024-09-30T23:55:55.256+0000] {dag.py:4180} INFO - Setting next_dagrun for youtube_etl to 2024-09-29 00:00:00+00:00, run_after=2024-09-30 00:00:00+00:00
[2024-09-30T23:55:55.346+0000] {processor.py:208} INFO - Processing /opt/airflow/dags/YT-D.py took 1.463 seconds
[2024-09-30T23:56:26.552+0000] {processor.py:186} INFO - Started process (PID=214) to work on /opt/airflow/dags/YT-D.py
[2024-09-30T23:56:26.554+0000] {processor.py:914} INFO - Processing file /opt/airflow/dags/YT-D.py for tasks to queue
[2024-09-30T23:56:26.564+0000] {logging_mixin.py:190} INFO - [2024-09-30T23:56:26.562+0000] {dagbag.py:588} INFO - Filling up the DagBag from /opt/airflow/dags/YT-D.py
[2024-09-30T23:56:27.453+0000] {processor.py:925} INFO - DAG(s) 'youtube_etl' retrieved from /opt/airflow/dags/YT-D.py
[2024-09-30T23:56:27.493+0000] {logging_mixin.py:190} INFO - [2024-09-30T23:56:27.493+0000] {dag.py:3239} INFO - Sync 1 DAGs
[2024-09-30T23:56:27.527+0000] {logging_mixin.py:190} INFO - [2024-09-30T23:56:27.527+0000] {dag.py:4180} INFO - Setting next_dagrun for youtube_etl to 2024-09-29 00:00:00+00:00, run_after=2024-09-30 00:00:00+00:00
[2024-09-30T23:56:27.599+0000] {processor.py:208} INFO - Processing /opt/airflow/dags/YT-D.py took 1.062 seconds
[2024-09-30T23:56:58.396+0000] {processor.py:186} INFO - Started process (PID=218) to work on /opt/airflow/dags/YT-D.py
[2024-09-30T23:56:58.398+0000] {processor.py:914} INFO - Processing file /opt/airflow/dags/YT-D.py for tasks to queue
[2024-09-30T23:56:58.416+0000] {logging_mixin.py:190} INFO - [2024-09-30T23:56:58.415+0000] {dagbag.py:588} INFO - Filling up the DagBag from /opt/airflow/dags/YT-D.py
[2024-09-30T23:56:59.541+0000] {processor.py:925} INFO - DAG(s) 'youtube_etl' retrieved from /opt/airflow/dags/YT-D.py
[2024-09-30T23:56:59.583+0000] {logging_mixin.py:190} INFO - [2024-09-30T23:56:59.582+0000] {dag.py:3239} INFO - Sync 1 DAGs
[2024-09-30T23:56:59.633+0000] {logging_mixin.py:190} INFO - [2024-09-30T23:56:59.632+0000] {dag.py:4180} INFO - Setting next_dagrun for youtube_etl to 2024-09-29 00:00:00+00:00, run_after=2024-09-30 00:00:00+00:00
[2024-09-30T23:56:59.735+0000] {processor.py:208} INFO - Processing /opt/airflow/dags/YT-D.py took 1.360 seconds
[2024-09-30T23:57:32.248+0000] {processor.py:186} INFO - Started process (PID=222) to work on /opt/airflow/dags/YT-D.py
[2024-09-30T23:57:32.250+0000] {processor.py:914} INFO - Processing file /opt/airflow/dags/YT-D.py for tasks to queue
[2024-09-30T23:57:32.268+0000] {logging_mixin.py:190} INFO - [2024-09-30T23:57:32.268+0000] {dagbag.py:588} INFO - Filling up the DagBag from /opt/airflow/dags/YT-D.py
[2024-09-30T23:57:34.230+0000] {processor.py:925} INFO - DAG(s) 'youtube_etl' retrieved from /opt/airflow/dags/YT-D.py
[2024-09-30T23:57:34.315+0000] {logging_mixin.py:190} INFO - [2024-09-30T23:57:34.313+0000] {dag.py:3239} INFO - Sync 1 DAGs
[2024-09-30T23:57:34.365+0000] {logging_mixin.py:190} INFO - [2024-09-30T23:57:34.365+0000] {dag.py:4180} INFO - Setting next_dagrun for youtube_etl to 2024-09-29 00:00:00+00:00, run_after=2024-09-30 00:00:00+00:00
[2024-09-30T23:57:34.531+0000] {processor.py:208} INFO - Processing /opt/airflow/dags/YT-D.py took 2.305 seconds
[2024-09-30T23:58:05.720+0000] {processor.py:186} INFO - Started process (PID=226) to work on /opt/airflow/dags/YT-D.py
[2024-09-30T23:58:05.722+0000] {processor.py:914} INFO - Processing file /opt/airflow/dags/YT-D.py for tasks to queue
[2024-09-30T23:58:05.725+0000] {logging_mixin.py:190} INFO - [2024-09-30T23:58:05.724+0000] {dagbag.py:588} INFO - Filling up the DagBag from /opt/airflow/dags/YT-D.py
[2024-09-30T23:58:06.454+0000] {processor.py:925} INFO - DAG(s) 'youtube_etl' retrieved from /opt/airflow/dags/YT-D.py
[2024-09-30T23:58:06.480+0000] {logging_mixin.py:190} INFO - [2024-09-30T23:58:06.479+0000] {dag.py:3239} INFO - Sync 1 DAGs
[2024-09-30T23:58:06.532+0000] {logging_mixin.py:190} INFO - [2024-09-30T23:58:06.532+0000] {dag.py:4180} INFO - Setting next_dagrun for youtube_etl to 2024-09-29 00:00:00+00:00, run_after=2024-09-30 00:00:00+00:00
[2024-09-30T23:58:06.582+0000] {processor.py:208} INFO - Processing /opt/airflow/dags/YT-D.py took 0.869 seconds
[2024-09-30T23:58:37.101+0000] {processor.py:186} INFO - Started process (PID=230) to work on /opt/airflow/dags/YT-D.py
[2024-09-30T23:58:37.103+0000] {processor.py:914} INFO - Processing file /opt/airflow/dags/YT-D.py for tasks to queue
[2024-09-30T23:58:37.111+0000] {logging_mixin.py:190} INFO - [2024-09-30T23:58:37.110+0000] {dagbag.py:588} INFO - Filling up the DagBag from /opt/airflow/dags/YT-D.py
[2024-09-30T23:58:39.732+0000] {processor.py:925} INFO - DAG(s) 'youtube_etl' retrieved from /opt/airflow/dags/YT-D.py
[2024-09-30T23:58:39.878+0000] {logging_mixin.py:190} INFO - [2024-09-30T23:58:39.877+0000] {dag.py:3239} INFO - Sync 1 DAGs
[2024-09-30T23:58:39.999+0000] {logging_mixin.py:190} INFO - [2024-09-30T23:58:39.998+0000] {dag.py:4180} INFO - Setting next_dagrun for youtube_etl to 2024-09-29 00:00:00+00:00, run_after=2024-09-30 00:00:00+00:00
[2024-09-30T23:58:40.236+0000] {processor.py:208} INFO - Processing /opt/airflow/dags/YT-D.py took 3.143 seconds
[2024-09-30T23:59:11.924+0000] {processor.py:186} INFO - Started process (PID=234) to work on /opt/airflow/dags/YT-D.py
[2024-09-30T23:59:11.928+0000] {processor.py:914} INFO - Processing file /opt/airflow/dags/YT-D.py for tasks to queue
[2024-09-30T23:59:11.933+0000] {logging_mixin.py:190} INFO - [2024-09-30T23:59:11.932+0000] {dagbag.py:588} INFO - Filling up the DagBag from /opt/airflow/dags/YT-D.py
[2024-09-30T23:59:13.204+0000] {processor.py:925} INFO - DAG(s) 'youtube_etl' retrieved from /opt/airflow/dags/YT-D.py
[2024-09-30T23:59:13.264+0000] {logging_mixin.py:190} INFO - [2024-09-30T23:59:13.263+0000] {dag.py:3239} INFO - Sync 1 DAGs
[2024-09-30T23:59:13.312+0000] {logging_mixin.py:190} INFO - [2024-09-30T23:59:13.312+0000] {dag.py:4180} INFO - Setting next_dagrun for youtube_etl to 2024-09-29 00:00:00+00:00, run_after=2024-09-30 00:00:00+00:00
[2024-09-30T23:59:13.407+0000] {processor.py:208} INFO - Processing /opt/airflow/dags/YT-D.py took 1.514 seconds
[2024-09-30T23:59:44.825+0000] {processor.py:186} INFO - Started process (PID=238) to work on /opt/airflow/dags/YT-D.py
[2024-09-30T23:59:44.830+0000] {processor.py:914} INFO - Processing file /opt/airflow/dags/YT-D.py for tasks to queue
[2024-09-30T23:59:44.838+0000] {logging_mixin.py:190} INFO - [2024-09-30T23:59:44.837+0000] {dagbag.py:588} INFO - Filling up the DagBag from /opt/airflow/dags/YT-D.py
[2024-09-30T23:59:46.078+0000] {processor.py:925} INFO - DAG(s) 'youtube_etl' retrieved from /opt/airflow/dags/YT-D.py
[2024-09-30T23:59:46.157+0000] {logging_mixin.py:190} INFO - [2024-09-30T23:59:46.156+0000] {dag.py:3239} INFO - Sync 1 DAGs
[2024-09-30T23:59:46.257+0000] {logging_mixin.py:190} INFO - [2024-09-30T23:59:46.256+0000] {dag.py:4180} INFO - Setting next_dagrun for youtube_etl to 2024-09-29 00:00:00+00:00, run_after=2024-09-30 00:00:00+00:00
[2024-09-30T23:59:46.362+0000] {processor.py:208} INFO - Processing /opt/airflow/dags/YT-D.py took 1.559 seconds
